2025-10-20 13:22:03,126 - INFO - ===== 开始调试最近爬取评论无法显示的问题 =====
2025-10-20 13:22:03,152 - INFO - 发现 0 个清洗后的评论表:
2025-10-20 13:22:03,152 - INFO - 
===== 分析comments表中的数据 =====
2025-10-20 13:22:03,155 - ERROR - 测试过程中发生错误: (1054, "Unknown column 'task_id' in 'field list'")
2025-10-20 13:22:03,157 - INFO - 跳过特定任务ID测试
2025-10-20 13:22:03,157 - INFO - 
===== 调试完成 =====
2025-10-20 13:23:36,572 - INFO - ===== 开始调试最近爬取评论无法显示的问题 =====
2025-10-20 13:23:36,579 - INFO - ===== 查看数据库中的所有表 =====
2025-10-20 13:23:36,580 - INFO - 数据库中共有 11 个表:
2025-10-20 13:23:36,580 - INFO -   - Tables_in_douyin_comments
2025-10-20 13:23:36,580 - INFO -   - Tables_in_douyin_comments
2025-10-20 13:23:36,581 - INFO -   - Tables_in_douyin_comments
2025-10-20 13:23:36,581 - INFO -   - Tables_in_douyin_comments
2025-10-20 13:23:36,581 - INFO -   - Tables_in_douyin_comments
2025-10-20 13:23:36,581 - INFO -   - Tables_in_douyin_comments
2025-10-20 13:23:36,581 - INFO -   - Tables_in_douyin_comments
2025-10-20 13:23:36,581 - INFO -   - Tables_in_douyin_comments
2025-10-20 13:23:36,581 - INFO -   - Tables_in_douyin_comments
2025-10-20 13:23:36,582 - INFO -   - Tables_in_douyin_comments
2025-10-20 13:23:36,582 - INFO -   - Tables_in_douyin_comments
2025-10-20 13:23:36,582 - INFO - 
可能的评论相关表 (11): ['Tables_in_douyin_comments', 'Tables_in_douyin_comments', 'Tables_in_douyin_comments', 'Tables_in_douyin_comments', 'Tables_in_douyin_comments', 'Tables_in_douyin_comments', 'Tables_in_douyin_comments', 'Tables_in_douyin_comments', 'Tables_in_douyin_comments', 'Tables_in_douyin_comments', 'Tables_in_douyin_comments']
2025-10-20 13:23:36,583 - INFO - 
可能的清洗后表 (0): []
2025-10-20 13:23:36,585 - INFO - 跳过特定任务ID测试
2025-10-20 13:23:36,586 - INFO - 
===== 调试完成 =====
2025-10-20 13:25:07,297 - INFO - ===== 开始调试最近爬取评论无法显示的问题 =====
2025-10-20 13:25:07,297 - ERROR - 测试过程中发生错误: 'port'
2025-10-20 13:25:07,304 - INFO - 跳过特定任务ID测试
2025-10-20 13:25:07,304 - INFO - 
===== 调试完成 =====
2025-10-20 13:28:30,475 - INFO - ===== 开始调试最近爬取评论无法显示的问题 =====
2025-10-20 13:28:30,475 - INFO - 数据库配置: 主机=localhost, 端口=3306, 数据库=douyin_comments
2025-10-20 13:28:30,482 - INFO - 
===== 查询数据库中的所有表 =====
2025-10-20 13:28:30,483 - INFO - 在数据库 'douyin_comments' 中找到 11 个表:
2025-10-20 13:28:30,483 - INFO -   - alembic_version
2025-10-20 13:28:30,484 - INFO -   - analysis_record_results
2025-10-20 13:28:30,484 - INFO -   - analysis_records
2025-10-20 13:28:30,484 - INFO -   - analysis_results
2025-10-20 13:28:30,485 - INFO -   - comments
2025-10-20 13:28:30,485 - INFO -   - notifications
2025-10-20 13:28:30,485 - INFO -   - permissions
2025-10-20 13:28:30,485 - INFO -   - prediction_records
2025-10-20 13:28:30,486 - INFO -   - roles
2025-10-20 13:28:30,486 - INFO -   - users
2025-10-20 13:28:30,486 - INFO -   - videos
2025-10-20 13:28:30,487 - INFO - 
===== 查找清洗后的评论表 =====
2025-10-20 13:28:30,487 - INFO - 没有找到清洗后的评论表 (douyin_comments_task_*_mysql)
2025-10-20 13:28:30,487 - INFO - 
===== 分析comments表 =====
2025-10-20 13:28:30,488 - INFO - 表 comments 的列结构 (13列):
2025-10-20 13:28:30,489 - INFO -   - id: int
2025-10-20 13:28:30,490 - INFO -   - douyin_id: varchar(50)
2025-10-20 13:28:30,490 - INFO -   - video_id: varchar(50)
2025-10-20 13:28:30,490 - INFO -   - content: text
2025-10-20 13:28:30,490 - INFO -   - user_nickname: varchar(100)
2025-10-20 13:28:30,490 - INFO -   - user_id: int
2025-10-20 13:28:30,490 - INFO -   - likes: int
2025-10-20 13:28:30,491 - INFO -   - created_at: datetime
2025-10-20 13:28:30,491 - INFO -   - crawled_at: datetime
2025-10-20 13:28:30,491 - INFO -   - sentiment_score: float
2025-10-20 13:28:30,491 - INFO -   - sentiment_label: varchar(20)
2025-10-20 13:28:30,491 - INFO -   - is_processed: tinyint(1)
2025-10-20 13:28:30,491 - INFO -   - source_url: varchar(255)
2025-10-20 13:28:30,500 - INFO - 表 comments 中的记录数: 97
2025-10-20 13:28:30,501 - INFO - 表 comments 是否包含task_id列: False
2025-10-20 13:29:01,228 - INFO - ===== 开始调试最近爬取评论无法显示的问题 =====
2025-10-20 13:29:01,229 - INFO - 数据库配置: 主机=localhost, 端口=3306, 数据库=ml_douyin_comments_sentimentanalysis
2025-10-20 13:29:01,234 - INFO - 
===== 查询数据库中的所有表 =====
2025-10-20 13:29:01,235 - INFO - 在数据库 'ml_douyin_comments_sentimentanalysis' 中找到 13 个表:
2025-10-20 13:29:01,235 - INFO -   - analysis_histories
2025-10-20 13:29:01,236 - INFO -   - comments
2025-10-20 13:29:01,236 - INFO -   - douyin_comments_task_10_mysql
2025-10-20 13:29:01,236 - INFO -   - douyin_comments_task_11_mysql
2025-10-20 13:29:01,236 - INFO -   - douyin_comments_task_15_mysql
2025-10-20 13:29:01,236 - INFO -   - douyin_comments_task_16_mysql
2025-10-20 13:29:01,236 - INFO -   - douyin_comments_task_17_mysql
2025-10-20 13:29:01,236 - INFO -   - douyin_comments_task_5_mysql
2025-10-20 13:29:01,236 - INFO -   - douyin_comments_task_6_mysql
2025-10-20 13:29:01,236 - INFO -   - douyin_comments_task_7_mysql
2025-10-20 13:29:01,237 - INFO -   - douyin_comments_task_8_mysql
2025-10-20 13:29:01,237 - INFO -   - scrape_tasks
2025-10-20 13:29:01,237 - INFO -   - users
2025-10-20 13:29:01,237 - INFO - 
===== 查找清洗后的评论表 =====
2025-10-20 13:29:01,237 - INFO - 找到 9 个清洗后的评论表:
2025-10-20 13:29:01,237 - INFO -   - douyin_comments_task_10_mysql
2025-10-20 13:29:01,237 - INFO -     对应的任务ID: 10
2025-10-20 13:29:01,239 - INFO -     记录数: 138
2025-10-20 13:29:01,239 - INFO -   - douyin_comments_task_11_mysql
2025-10-20 13:29:01,239 - INFO -     对应的任务ID: 11
2025-10-20 13:29:01,240 - INFO -     记录数: 148
2025-10-20 13:29:01,240 - INFO -   - douyin_comments_task_15_mysql
2025-10-20 13:29:01,240 - INFO -     对应的任务ID: 15
2025-10-20 13:29:01,252 - INFO -     记录数: 467
2025-10-20 13:29:01,253 - INFO -   - douyin_comments_task_16_mysql
2025-10-20 13:29:01,253 - INFO -     对应的任务ID: 16
2025-10-20 13:29:01,255 - INFO -     记录数: 198
2025-10-20 13:29:01,255 - INFO -   - douyin_comments_task_17_mysql
2025-10-20 13:29:01,255 - INFO -     对应的任务ID: 17
2025-10-20 13:29:01,256 - INFO -     记录数: 1496
2025-10-20 13:29:01,256 - INFO -   - douyin_comments_task_5_mysql
2025-10-20 13:29:01,256 - INFO -     对应的任务ID: 5
2025-10-20 13:29:01,257 - INFO -     记录数: 71
2025-10-20 13:29:01,257 - INFO -   - douyin_comments_task_6_mysql
2025-10-20 13:29:01,257 - INFO -     对应的任务ID: 6
2025-10-20 13:29:01,258 - INFO -     记录数: 81
2025-10-20 13:29:01,258 - INFO -   - douyin_comments_task_7_mysql
2025-10-20 13:29:01,258 - INFO -     对应的任务ID: 7
2025-10-20 13:29:01,259 - INFO -     记录数: 2388
2025-10-20 13:29:01,260 - INFO -   - douyin_comments_task_8_mysql
2025-10-20 13:29:01,260 - INFO -     对应的任务ID: 8
2025-10-20 13:29:01,261 - INFO -     记录数: 580
2025-10-20 13:29:01,261 - INFO - 
===== 分析comments表 =====
2025-10-20 13:29:01,262 - INFO - 表 comments 的列结构 (19列):
2025-10-20 13:29:01,262 - INFO -   - id: int
2025-10-20 13:29:01,262 - INFO -   - task_id: int
2025-10-20 13:29:01,262 - INFO -   - post_id: varchar(50)
2025-10-20 13:29:01,262 - INFO -   - content: text
2025-10-20 13:29:01,262 - INFO -   - user_name: varchar(100)
2025-10-20 13:29:01,263 - INFO -   - user_id: varchar(100)
2025-10-20 13:29:01,263 - INFO -   - user_signature: varchar(200)
2025-10-20 13:29:01,263 - INFO -   - publish_time: datetime
2025-10-20 13:29:01,263 - INFO -   - like_count: int
2025-10-20 13:29:01,263 - INFO -   - comment_count: int
2025-10-20 13:29:01,263 - INFO -   - forward_count: int
2025-10-20 13:29:01,263 - INFO -   - ip_location: varchar(50)
2025-10-20 13:29:01,263 - INFO -   - image_urls: text
2025-10-20 13:29:01,263 - INFO -   - user_homepage: varchar(200)
2025-10-20 13:29:01,263 - INFO -   - reply_to_id: varchar(50)
2025-10-20 13:29:01,264 - INFO -   - reply_to_user: varchar(100)
2025-10-20 13:29:01,264 - INFO -   - sentiment_label: varchar(20)
2025-10-20 13:29:01,264 - INFO -   - sentiment_score: float
2025-10-20 13:29:01,264 - INFO -   - analyzed_at: datetime
2025-10-20 13:29:01,265 - INFO - 表 comments 中的记录数: 6545
2025-10-20 13:29:01,265 - INFO - 表 comments 是否包含task_id列: True
2025-10-20 13:29:01,266 - INFO - comments表中的任务分布:
2025-10-20 13:29:01,267 - INFO -   任务ID 17: 1744 条评论
2025-10-20 13:29:01,267 - INFO -   任务ID 16: 201 条评论
2025-10-20 13:29:01,267 - INFO -   任务ID 15: 509 条评论
2025-10-20 13:29:01,267 - INFO -   任务ID 11: 152 条评论
2025-10-20 13:29:01,267 - INFO -   任务ID 10: 140 条评论
2025-10-20 13:29:01,267 - INFO -   任务ID 8: 935 条评论
2025-10-20 13:29:01,267 - INFO -   任务ID 7: 2704 条评论
2025-10-20 13:29:01,267 - INFO -   任务ID 6: 85 条评论
2025-10-20 13:29:01,267 - INFO -   任务ID 5: 75 条评论
2025-10-20 13:37:35,789 - INFO - ===== 开始调试最近爬取评论无法显示的问题 =====
2025-10-20 13:37:35,789 - INFO - 数据库配置: 主机=localhost, 端口=3306, 数据库=ml_douyin_comments_sentimentanalysis
2025-10-20 13:37:35,797 - INFO - 
===== 查询数据库中的所有表 =====
2025-10-20 13:37:35,798 - INFO - 在数据库 'ml_douyin_comments_sentimentanalysis' 中找到 13 个表:
2025-10-20 13:37:35,798 - INFO -   - analysis_histories
2025-10-20 13:37:35,798 - INFO -   - comments
2025-10-20 13:37:35,799 - INFO -   - douyin_comments_task_10_mysql
2025-10-20 13:37:35,799 - INFO -   - douyin_comments_task_11_mysql
2025-10-20 13:37:35,799 - INFO -   - douyin_comments_task_15_mysql
2025-10-20 13:37:35,799 - INFO -   - douyin_comments_task_16_mysql
2025-10-20 13:37:35,799 - INFO -   - douyin_comments_task_17_mysql
2025-10-20 13:37:35,800 - INFO -   - douyin_comments_task_5_mysql
2025-10-20 13:37:35,800 - INFO -   - douyin_comments_task_6_mysql
2025-10-20 13:37:35,800 - INFO -   - douyin_comments_task_7_mysql
2025-10-20 13:37:35,800 - INFO -   - douyin_comments_task_8_mysql
2025-10-20 13:37:35,800 - INFO -   - scrape_tasks
2025-10-20 13:37:35,800 - INFO -   - users
2025-10-20 13:37:35,800 - INFO - 
===== 查找清洗后的评论表 =====
2025-10-20 13:37:35,800 - INFO - 找到 9 个清洗后的评论表:
2025-10-20 13:37:35,801 - INFO -   - douyin_comments_task_10_mysql
2025-10-20 13:37:35,801 - INFO -     对应的任务ID: 10
2025-10-20 13:37:35,802 - INFO -     记录数: 138
2025-10-20 13:37:35,802 - INFO -   - douyin_comments_task_11_mysql
2025-10-20 13:37:35,802 - INFO -     对应的任务ID: 11
2025-10-20 13:37:35,803 - INFO -     记录数: 148
2025-10-20 13:37:35,807 - INFO -   - douyin_comments_task_15_mysql
2025-10-20 13:37:35,807 - INFO -     对应的任务ID: 15
2025-10-20 13:37:35,810 - INFO -     记录数: 467
2025-10-20 13:37:35,810 - INFO -   - douyin_comments_task_16_mysql
2025-10-20 13:37:35,810 - INFO -     对应的任务ID: 16
2025-10-20 13:37:35,812 - INFO -     记录数: 198
2025-10-20 13:37:35,813 - INFO -   - douyin_comments_task_17_mysql
2025-10-20 13:37:35,813 - INFO -     对应的任务ID: 17
2025-10-20 13:37:35,815 - INFO -     记录数: 1496
2025-10-20 13:37:35,815 - INFO -   - douyin_comments_task_5_mysql
2025-10-20 13:37:35,815 - INFO -     对应的任务ID: 5
2025-10-20 13:37:35,816 - INFO -     记录数: 71
2025-10-20 13:37:35,817 - INFO -   - douyin_comments_task_6_mysql
2025-10-20 13:37:35,817 - INFO -     对应的任务ID: 6
2025-10-20 13:37:35,819 - INFO -     记录数: 81
2025-10-20 13:37:35,819 - INFO -   - douyin_comments_task_7_mysql
2025-10-20 13:37:35,819 - INFO -     对应的任务ID: 7
2025-10-20 13:37:35,821 - INFO -     记录数: 2388
2025-10-20 13:37:35,822 - INFO -   - douyin_comments_task_8_mysql
2025-10-20 13:37:35,822 - INFO -     对应的任务ID: 8
2025-10-20 13:37:35,824 - INFO -     记录数: 580
2025-10-20 13:37:35,825 - INFO - 
===== 分析comments表 =====
2025-10-20 13:37:35,827 - INFO - 表 comments 的列结构 (19列):
2025-10-20 13:37:35,827 - INFO -   - id: int
2025-10-20 13:37:35,827 - INFO -   - task_id: int
2025-10-20 13:37:35,827 - INFO -   - post_id: varchar(50)
2025-10-20 13:37:35,827 - INFO -   - content: text
2025-10-20 13:37:35,827 - INFO -   - user_name: varchar(100)
2025-10-20 13:37:35,827 - INFO -   - user_id: varchar(100)
2025-10-20 13:37:35,827 - INFO -   - user_signature: varchar(200)
2025-10-20 13:37:35,827 - INFO -   - publish_time: datetime
2025-10-20 13:37:35,828 - INFO -   - like_count: int
2025-10-20 13:37:35,828 - INFO -   - comment_count: int
2025-10-20 13:37:35,828 - INFO -   - forward_count: int
2025-10-20 13:37:35,829 - INFO -   - ip_location: varchar(50)
2025-10-20 13:37:35,829 - INFO -   - image_urls: text
2025-10-20 13:37:35,829 - INFO -   - user_homepage: varchar(200)
2025-10-20 13:37:35,829 - INFO -   - reply_to_id: varchar(50)
2025-10-20 13:37:35,830 - INFO -   - reply_to_user: varchar(100)
2025-10-20 13:37:35,830 - INFO -   - sentiment_label: varchar(20)
2025-10-20 13:37:35,830 - INFO -   - sentiment_score: float
2025-10-20 13:37:35,830 - INFO -   - analyzed_at: datetime
2025-10-20 13:37:35,832 - INFO - 表 comments 中的记录数: 6545
2025-10-20 13:37:35,832 - INFO - 表 comments 是否包含task_id列: True
2025-10-20 13:37:35,833 - INFO - comments表中的任务分布:
2025-10-20 13:37:35,834 - INFO -   任务ID 17: 1744 条评论
2025-10-20 13:37:35,834 - INFO -   任务ID 16: 201 条评论
2025-10-20 13:37:35,834 - INFO -   任务ID 15: 509 条评论
2025-10-20 13:37:35,834 - INFO -   任务ID 11: 152 条评论
2025-10-20 13:37:35,834 - INFO -   任务ID 10: 140 条评论
2025-10-20 13:37:35,834 - INFO -   任务ID 8: 935 条评论
2025-10-20 13:37:35,834 - INFO -   任务ID 7: 2704 条评论
2025-10-20 13:37:35,834 - INFO -   任务ID 6: 85 条评论
2025-10-20 13:37:35,836 - INFO -   任务ID 5: 75 条评论
2025-10-20 13:37:35,836 - INFO - 
===== 检查最近的爬取任务 =====
2025-10-20 13:37:35,836 - ERROR - 查询爬取任务时发生错误: (1054, "Unknown column 'keyword' in 'field list'")
2025-10-20 13:37:35,836 - INFO - 
===== 检查分析历史 =====
2025-10-20 13:37:35,836 - ERROR - 查询分析历史时发生错误: (1054, "Unknown column 'analysis_type' in 'field list'")
2025-10-20 13:37:35,836 - INFO - 
===== 模拟get_comments_from_cleaned_table函数逻辑测试 =====
2025-10-20 13:37:35,837 - INFO - 
测试任务ID: 17, 清洗表名: douyin_comments_task_17_mysql
2025-10-20 13:37:35,840 - INFO - 清洗表列结构: id, task_id, post_id, content, user_name, user_id, user_signature, publish_time, like_count, comment_count, forward_count, ip_location, image_urls, user_homepage, reply_to_id, reply_to_user, created_at
2025-10-20 13:37:35,853 - INFO - 成功执行关联查询，获取了 5 条样本数据
2025-10-20 13:37:35,853 - INFO - 样本数据示例 (部分字段):
2025-10-20 13:37:35,853 - INFO -   post_id: 7557260912043868987
2025-10-20 13:37:35,854 - INFO -   content: 我第一眼还以为寄过来了个壳[钱]...
2025-10-20 13:37:35,854 - INFO -   sentiment_label: None
2025-10-20 13:37:35,854 - INFO -   sentiment_score: None
2025-10-20 13:37:35,854 - INFO - 
测试任务ID: 16, 清洗表名: douyin_comments_task_16_mysql
2025-10-20 13:37:35,857 - INFO - 清洗表列结构: id, task_id, post_id, content, user_name, user_id, user_signature, publish_time, like_count, comment_count, forward_count, ip_location, image_urls, user_homepage, reply_to_id, reply_to_user, created_at
2025-10-20 13:37:35,859 - INFO - 成功执行关联查询，获取了 5 条样本数据
2025-10-20 13:37:35,860 - INFO - 样本数据示例 (部分字段):
2025-10-20 13:37:35,860 - INFO -   post_id: 7559816635030651698
2025-10-20 13:37:35,860 - INFO -   content: 水母可能就是喜欢脸长的吧（不是 …[杀马特][杀马特][杀马特]...
2025-10-20 13:37:35,860 - INFO -   sentiment_label: None
2025-10-20 13:37:35,860 - INFO -   sentiment_score: None
2025-10-20 13:37:35,860 - INFO - 
测试任务ID: 15, 清洗表名: douyin_comments_task_15_mysql
2025-10-20 13:37:35,862 - INFO - 清洗表列结构: id, task_id, post_id, content, user_name, user_id, user_signature, publish_time, like_count, comment_count, forward_count, ip_location, image_urls, user_homepage, reply_to_id, reply_to_user, created_at
2025-10-20 13:37:35,865 - INFO - 成功执行关联查询，获取了 5 条样本数据
2025-10-20 13:37:35,865 - INFO - 样本数据示例 (部分字段):
2025-10-20 13:37:35,865 - INFO -   post_id: 7562412457789784882
2025-10-20 13:37:35,866 - INFO -   content: 车银优你到底认识多少人...
2025-10-20 13:37:35,866 - INFO -   sentiment_label: None
2025-10-20 13:37:35,866 - INFO -   sentiment_score: None
2025-10-20 13:37:35,866 - INFO - 数据库连接已关闭
2025-10-20 13:37:35,869 - ERROR - 检查列一致性时发生错误: 'Tables_in_ml_douyin_comments_sentimentanalysis'
2025-10-20 13:37:35,870 - INFO - 跳过特定任务ID测试
2025-10-20 13:37:35,870 - INFO - 
===== 调试完成 =====
2025-10-20 13:37:45,855 - INFO - ===== 开始调试最近爬取评论无法显示的问题 =====
2025-10-20 13:37:45,856 - INFO - 数据库配置: 主机=localhost, 端口=3306, 数据库=ml_douyin_comments_sentimentanalysis
2025-10-20 13:37:45,873 - INFO - 
===== 查询数据库中的所有表 =====
2025-10-20 13:37:45,875 - INFO - 在数据库 'ml_douyin_comments_sentimentanalysis' 中找到 13 个表:
2025-10-20 13:37:45,875 - INFO -   - analysis_histories
2025-10-20 13:37:45,876 - INFO -   - comments
2025-10-20 13:37:45,876 - INFO -   - douyin_comments_task_10_mysql
2025-10-20 13:37:45,876 - INFO -   - douyin_comments_task_11_mysql
2025-10-20 13:37:45,876 - INFO -   - douyin_comments_task_15_mysql
2025-10-20 13:37:45,876 - INFO -   - douyin_comments_task_16_mysql
2025-10-20 13:37:45,876 - INFO -   - douyin_comments_task_17_mysql
2025-10-20 13:37:45,876 - INFO -   - douyin_comments_task_5_mysql
2025-10-20 13:37:45,876 - INFO -   - douyin_comments_task_6_mysql
2025-10-20 13:37:45,877 - INFO -   - douyin_comments_task_7_mysql
2025-10-20 13:37:45,877 - INFO -   - douyin_comments_task_8_mysql
2025-10-20 13:37:45,877 - INFO -   - scrape_tasks
2025-10-20 13:37:45,877 - INFO -   - users
2025-10-20 13:37:45,877 - INFO - 
===== 查找清洗后的评论表 =====
2025-10-20 13:37:45,877 - INFO - 找到 9 个清洗后的评论表:
2025-10-20 13:37:45,877 - INFO -   - douyin_comments_task_10_mysql
2025-10-20 13:37:45,877 - INFO -     对应的任务ID: 10
2025-10-20 13:37:45,878 - INFO -     记录数: 138
2025-10-20 13:37:45,878 - INFO -   - douyin_comments_task_11_mysql
2025-10-20 13:37:45,878 - INFO -     对应的任务ID: 11
2025-10-20 13:37:45,879 - INFO -     记录数: 148
2025-10-20 13:37:45,879 - INFO -   - douyin_comments_task_15_mysql
2025-10-20 13:37:45,880 - INFO -     对应的任务ID: 15
2025-10-20 13:37:45,881 - INFO -     记录数: 467
2025-10-20 13:37:45,881 - INFO -   - douyin_comments_task_16_mysql
2025-10-20 13:37:45,881 - INFO -     对应的任务ID: 16
2025-10-20 13:37:45,884 - INFO -     记录数: 198
2025-10-20 13:37:45,884 - INFO -   - douyin_comments_task_17_mysql
2025-10-20 13:37:45,884 - INFO -     对应的任务ID: 17
2025-10-20 13:37:45,885 - INFO -     记录数: 1496
2025-10-20 13:37:45,885 - INFO -   - douyin_comments_task_5_mysql
2025-10-20 13:37:45,885 - INFO -     对应的任务ID: 5
2025-10-20 13:37:45,886 - INFO -     记录数: 71
2025-10-20 13:37:45,886 - INFO -   - douyin_comments_task_6_mysql
2025-10-20 13:37:45,886 - INFO -     对应的任务ID: 6
2025-10-20 13:37:45,887 - INFO -     记录数: 81
2025-10-20 13:37:45,888 - INFO -   - douyin_comments_task_7_mysql
2025-10-20 13:37:45,888 - INFO -     对应的任务ID: 7
2025-10-20 13:37:45,889 - INFO -     记录数: 2388
2025-10-20 13:37:45,889 - INFO -   - douyin_comments_task_8_mysql
2025-10-20 13:37:45,889 - INFO -     对应的任务ID: 8
2025-10-20 13:37:45,890 - INFO -     记录数: 580
2025-10-20 13:37:45,891 - INFO - 
===== 分析comments表 =====
2025-10-20 13:37:45,892 - INFO - 表 comments 的列结构 (19列):
2025-10-20 13:37:45,892 - INFO -   - id: int
2025-10-20 13:37:45,892 - INFO -   - task_id: int
2025-10-20 13:37:45,892 - INFO -   - post_id: varchar(50)
2025-10-20 13:37:45,892 - INFO -   - content: text
2025-10-20 13:37:45,892 - INFO -   - user_name: varchar(100)
2025-10-20 13:37:45,893 - INFO -   - user_id: varchar(100)
2025-10-20 13:37:45,893 - INFO -   - user_signature: varchar(200)
2025-10-20 13:37:45,893 - INFO -   - publish_time: datetime
2025-10-20 13:37:45,893 - INFO -   - like_count: int
2025-10-20 13:37:45,893 - INFO -   - comment_count: int
2025-10-20 13:37:45,894 - INFO -   - forward_count: int
2025-10-20 13:37:45,894 - INFO -   - ip_location: varchar(50)
2025-10-20 13:37:45,894 - INFO -   - image_urls: text
2025-10-20 13:37:45,894 - INFO -   - user_homepage: varchar(200)
2025-10-20 13:37:45,894 - INFO -   - reply_to_id: varchar(50)
2025-10-20 13:37:45,894 - INFO -   - reply_to_user: varchar(100)
2025-10-20 13:37:45,894 - INFO -   - sentiment_label: varchar(20)
2025-10-20 13:37:45,894 - INFO -   - sentiment_score: float
2025-10-20 13:37:45,894 - INFO -   - analyzed_at: datetime
2025-10-20 13:37:45,895 - INFO - 表 comments 中的记录数: 6545
2025-10-20 13:37:45,896 - INFO - 表 comments 是否包含task_id列: True
2025-10-20 13:37:45,897 - INFO - comments表中的任务分布:
2025-10-20 13:37:45,897 - INFO -   任务ID 17: 1744 条评论
2025-10-20 13:37:45,897 - INFO -   任务ID 16: 201 条评论
2025-10-20 13:37:45,898 - INFO -   任务ID 15: 509 条评论
2025-10-20 13:37:45,898 - INFO -   任务ID 11: 152 条评论
2025-10-20 13:37:45,898 - INFO -   任务ID 10: 140 条评论
2025-10-20 13:37:45,898 - INFO -   任务ID 8: 935 条评论
2025-10-20 13:37:45,898 - INFO -   任务ID 7: 2704 条评论
2025-10-20 13:37:45,898 - INFO -   任务ID 6: 85 条评论
2025-10-20 13:37:45,898 - INFO -   任务ID 5: 75 条评论
2025-10-20 13:37:45,898 - INFO - 
===== 检查最近的爬取任务 =====
2025-10-20 13:37:45,899 - ERROR - 查询爬取任务时发生错误: (1054, "Unknown column 'keyword' in 'field list'")
2025-10-20 13:37:45,899 - INFO - 
===== 检查分析历史 =====
2025-10-20 13:37:45,899 - ERROR - 查询分析历史时发生错误: (1054, "Unknown column 'analysis_type' in 'field list'")
2025-10-20 13:37:45,899 - INFO - 
===== 模拟get_comments_from_cleaned_table函数逻辑测试 =====
2025-10-20 13:37:45,900 - INFO - 
测试任务ID: 17, 清洗表名: douyin_comments_task_17_mysql
2025-10-20 13:37:45,902 - INFO - 清洗表列结构: id, task_id, post_id, content, user_name, user_id, user_signature, publish_time, like_count, comment_count, forward_count, ip_location, image_urls, user_homepage, reply_to_id, reply_to_user, created_at
2025-10-20 13:37:45,908 - INFO - 成功执行关联查询，获取了 5 条样本数据
2025-10-20 13:37:45,908 - INFO - 样本数据示例 (部分字段):
2025-10-20 13:37:45,908 - INFO -   post_id: 7557260912043868987
2025-10-20 13:37:45,908 - INFO -   content: 我第一眼还以为寄过来了个壳[钱]...
2025-10-20 13:37:45,908 - INFO -   sentiment_label: None
2025-10-20 13:37:45,908 - INFO -   sentiment_score: None
2025-10-20 13:37:45,908 - INFO - 
测试任务ID: 16, 清洗表名: douyin_comments_task_16_mysql
2025-10-20 13:37:45,910 - INFO - 清洗表列结构: id, task_id, post_id, content, user_name, user_id, user_signature, publish_time, like_count, comment_count, forward_count, ip_location, image_urls, user_homepage, reply_to_id, reply_to_user, created_at
2025-10-20 13:37:45,911 - INFO - 成功执行关联查询，获取了 5 条样本数据
2025-10-20 13:37:45,911 - INFO - 样本数据示例 (部分字段):
2025-10-20 13:37:45,912 - INFO -   post_id: 7559816635030651698
2025-10-20 13:37:45,912 - INFO -   content: 水母可能就是喜欢脸长的吧（不是 …[杀马特][杀马特][杀马特]...
2025-10-20 13:37:45,912 - INFO -   sentiment_label: None
2025-10-20 13:37:45,912 - INFO -   sentiment_score: None
2025-10-20 13:37:45,912 - INFO - 
测试任务ID: 15, 清洗表名: douyin_comments_task_15_mysql
2025-10-20 13:37:45,914 - INFO - 清洗表列结构: id, task_id, post_id, content, user_name, user_id, user_signature, publish_time, like_count, comment_count, forward_count, ip_location, image_urls, user_homepage, reply_to_id, reply_to_user, created_at
2025-10-20 13:37:45,916 - INFO - 成功执行关联查询，获取了 5 条样本数据
2025-10-20 13:37:45,916 - INFO - 样本数据示例 (部分字段):
2025-10-20 13:37:45,916 - INFO -   post_id: 7562412457789784882
2025-10-20 13:37:45,916 - INFO -   content: 车银优你到底认识多少人...
2025-10-20 13:37:45,917 - INFO -   sentiment_label: None
2025-10-20 13:37:45,917 - INFO -   sentiment_score: None
2025-10-20 13:37:45,917 - INFO - 数据库连接已关闭
2025-10-20 13:37:45,919 - ERROR - 检查列一致性时发生错误: 'Tables_in_ml_douyin_comments_sentimentanalysis'
2025-10-20 13:42:45,055 - INFO - 
===== 模拟获取任务ID 17 的评论数据 =====
2025-10-20 13:42:45,055 - INFO - 构建的清洗后表名: douyin_comments_task_17_mysql
2025-10-20 13:42:45,056 - INFO - 清洗后表是否存在: True
2025-10-20 13:42:45,057 - INFO - 清洗后表的列名: id, task_id, post_id, content, user_name, user_id, user_signature, publish_time, like_count, comment_count, forward_count, ip_location, image_urls, user_homepage, reply_to_id, reply_to_user, created_at
2025-10-20 13:42:45,058 - INFO - 主键列名: id
2025-10-20 13:42:45,058 - INFO - 清洗后表的样本数据:
2025-10-20 13:42:45,058 - INFO -   样本1 (部分字段):
2025-10-20 13:42:45,059 - INFO -     post_id: 7557260912043868987
2025-10-20 13:42:45,059 - INFO -     content: 我第一眼还以为寄过来了个壳[钱]...
2025-10-20 13:42:45,059 - INFO -   样本2 (部分字段):
2025-10-20 13:42:45,059 - INFO -     post_id: 7557561180076901172
2025-10-20 13:42:45,059 - INFO -     content: 突然反应过来，视频没有一边录一边说话是不是主播全都是电报哈哈哈...
2025-10-20 13:42:45,061 - INFO - 从comments表获取到 0 条情感分析结果
2025-10-20 13:42:45,061 - INFO - 
尝试不同的JOIN查询方式:
2025-10-20 13:42:45,067 - INFO - 方式1 (post_id JOIN) 返回 5 条记录
2025-10-20 13:42:45,072 - INFO - 方式2 (带task_id条件) 返回 5 条记录
2025-10-20 13:42:45,073 - INFO - 
===== 调试完成 =====
2025-10-20 13:43:13,587 - INFO - ===== 开始调试最近爬取评论无法显示的问题 =====
2025-10-20 13:43:13,588 - INFO - 数据库配置: 主机=localhost, 端口=3306, 数据库=ml_douyin_comments_sentimentanalysis
2025-10-20 13:43:13,610 - INFO - 
===== 查询数据库中的所有表 =====
2025-10-20 13:43:13,611 - INFO - 在数据库 'ml_douyin_comments_sentimentanalysis' 中找到 13 个表:
2025-10-20 13:43:13,612 - INFO -   - analysis_histories
2025-10-20 13:43:13,612 - INFO -   - comments
2025-10-20 13:43:13,612 - INFO -   - douyin_comments_task_10_mysql
2025-10-20 13:43:13,612 - INFO -   - douyin_comments_task_11_mysql
2025-10-20 13:43:13,612 - INFO -   - douyin_comments_task_15_mysql
2025-10-20 13:43:13,612 - INFO -   - douyin_comments_task_16_mysql
2025-10-20 13:43:13,612 - INFO -   - douyin_comments_task_17_mysql
2025-10-20 13:43:13,612 - INFO -   - douyin_comments_task_5_mysql
2025-10-20 13:43:13,612 - INFO -   - douyin_comments_task_6_mysql
2025-10-20 13:43:13,612 - INFO -   - douyin_comments_task_7_mysql
2025-10-20 13:43:13,613 - INFO -   - douyin_comments_task_8_mysql
2025-10-20 13:43:13,613 - INFO -   - scrape_tasks
2025-10-20 13:43:13,613 - INFO -   - users
2025-10-20 13:43:13,613 - INFO - 
===== 查找清洗后的评论表 =====
2025-10-20 13:43:13,613 - INFO - 找到 9 个清洗后的评论表:
2025-10-20 13:43:13,613 - INFO -   - douyin_comments_task_10_mysql
2025-10-20 13:43:13,613 - INFO -     对应的任务ID: 10
2025-10-20 13:43:13,614 - INFO -     记录数: 138
2025-10-20 13:43:13,614 - INFO -   - douyin_comments_task_11_mysql
2025-10-20 13:43:13,614 - INFO -     对应的任务ID: 11
2025-10-20 13:43:13,615 - INFO -     记录数: 148
2025-10-20 13:43:13,615 - INFO -   - douyin_comments_task_15_mysql
2025-10-20 13:43:13,615 - INFO -     对应的任务ID: 15
2025-10-20 13:43:13,616 - INFO -     记录数: 467
2025-10-20 13:43:13,616 - INFO -   - douyin_comments_task_16_mysql
2025-10-20 13:43:13,616 - INFO -     对应的任务ID: 16
2025-10-20 13:43:13,617 - INFO -     记录数: 198
2025-10-20 13:43:13,617 - INFO -   - douyin_comments_task_17_mysql
2025-10-20 13:43:13,617 - INFO -     对应的任务ID: 17
2025-10-20 13:43:13,618 - INFO -     记录数: 1496
2025-10-20 13:43:13,618 - INFO -   - douyin_comments_task_5_mysql
2025-10-20 13:43:13,618 - INFO -     对应的任务ID: 5
2025-10-20 13:43:13,619 - INFO -     记录数: 71
2025-10-20 13:43:13,619 - INFO -   - douyin_comments_task_6_mysql
2025-10-20 13:43:13,619 - INFO -     对应的任务ID: 6
2025-10-20 13:43:13,620 - INFO -     记录数: 81
2025-10-20 13:43:13,620 - INFO -   - douyin_comments_task_7_mysql
2025-10-20 13:43:13,620 - INFO -     对应的任务ID: 7
2025-10-20 13:43:13,621 - INFO -     记录数: 2388
2025-10-20 13:43:13,621 - INFO -   - douyin_comments_task_8_mysql
2025-10-20 13:43:13,621 - INFO -     对应的任务ID: 8
2025-10-20 13:43:13,622 - INFO -     记录数: 580
2025-10-20 13:43:13,622 - INFO - 
===== 分析comments表 =====
2025-10-20 13:43:13,623 - INFO - 表 comments 的列结构 (19列):
2025-10-20 13:43:13,623 - INFO -   - id: int
2025-10-20 13:43:13,624 - INFO -   - task_id: int
2025-10-20 13:43:13,624 - INFO -   - post_id: varchar(50)
2025-10-20 13:43:13,624 - INFO -   - content: text
2025-10-20 13:43:13,624 - INFO -   - user_name: varchar(100)
2025-10-20 13:43:13,624 - INFO -   - user_id: varchar(100)
2025-10-20 13:43:13,624 - INFO -   - user_signature: varchar(200)
2025-10-20 13:43:13,624 - INFO -   - publish_time: datetime
2025-10-20 13:43:13,624 - INFO -   - like_count: int
2025-10-20 13:43:13,624 - INFO -   - comment_count: int
2025-10-20 13:43:13,625 - INFO -   - forward_count: int
2025-10-20 13:43:13,625 - INFO -   - ip_location: varchar(50)
2025-10-20 13:43:13,625 - INFO -   - image_urls: text
2025-10-20 13:43:13,625 - INFO -   - user_homepage: varchar(200)
2025-10-20 13:43:13,625 - INFO -   - reply_to_id: varchar(50)
2025-10-20 13:43:13,625 - INFO -   - reply_to_user: varchar(100)
2025-10-20 13:43:13,625 - INFO -   - sentiment_label: varchar(20)
2025-10-20 13:43:13,625 - INFO -   - sentiment_score: float
2025-10-20 13:43:13,625 - INFO -   - analyzed_at: datetime
2025-10-20 13:43:13,627 - INFO - 表 comments 中的记录数: 6545
2025-10-20 13:43:13,627 - INFO - 表 comments 是否包含task_id列: True
2025-10-20 13:43:13,629 - INFO - comments表中的任务分布:
2025-10-20 13:43:13,629 - INFO -   任务ID 17: 1744 条评论
2025-10-20 13:43:13,629 - INFO -   任务ID 16: 201 条评论
2025-10-20 13:43:13,629 - INFO -   任务ID 15: 509 条评论
2025-10-20 13:43:13,629 - INFO -   任务ID 11: 152 条评论
2025-10-20 13:43:13,630 - INFO -   任务ID 10: 140 条评论
2025-10-20 13:43:13,630 - INFO -   任务ID 8: 935 条评论
2025-10-20 13:43:13,630 - INFO -   任务ID 7: 2704 条评论
2025-10-20 13:43:13,630 - INFO -   任务ID 6: 85 条评论
2025-10-20 13:43:13,630 - INFO -   任务ID 5: 75 条评论
2025-10-20 13:43:13,630 - INFO - 
===== 检查最近的爬取任务 =====
2025-10-20 13:43:13,631 - ERROR - 查询爬取任务时发生错误: (1054, "Unknown column 'keyword' in 'field list'")
2025-10-20 13:43:13,631 - INFO - 
===== 检查分析历史 =====
2025-10-20 13:43:13,631 - ERROR - 查询分析历史时发生错误: (1054, "Unknown column 'analysis_type' in 'field list'")
2025-10-20 13:43:13,631 - INFO - 
===== 模拟get_comments_from_cleaned_table函数逻辑测试 =====
2025-10-20 13:43:13,632 - INFO - 
测试任务ID: 17, 清洗表名: douyin_comments_task_17_mysql
2025-10-20 13:43:13,633 - INFO - 清洗表列结构: id, task_id, post_id, content, user_name, user_id, user_signature, publish_time, like_count, comment_count, forward_count, ip_location, image_urls, user_homepage, reply_to_id, reply_to_user, created_at
2025-10-20 13:43:13,639 - INFO - 成功执行关联查询，获取了 5 条样本数据
2025-10-20 13:43:13,640 - INFO - 样本数据示例 (部分字段):
2025-10-20 13:43:13,640 - INFO -   post_id: 7557260912043868987
2025-10-20 13:43:13,640 - INFO -   content: 我第一眼还以为寄过来了个壳[钱]...
2025-10-20 13:43:13,640 - INFO -   sentiment_label: None
2025-10-20 13:43:13,640 - INFO -   sentiment_score: None
2025-10-20 13:43:13,640 - INFO - 
测试任务ID: 16, 清洗表名: douyin_comments_task_16_mysql
2025-10-20 13:43:13,642 - INFO - 清洗表列结构: id, task_id, post_id, content, user_name, user_id, user_signature, publish_time, like_count, comment_count, forward_count, ip_location, image_urls, user_homepage, reply_to_id, reply_to_user, created_at
2025-10-20 13:43:13,644 - INFO - 成功执行关联查询，获取了 5 条样本数据
2025-10-20 13:43:13,644 - INFO - 样本数据示例 (部分字段):
2025-10-20 13:43:13,644 - INFO -   post_id: 7559816635030651698
2025-10-20 13:43:13,644 - INFO -   content: 水母可能就是喜欢脸长的吧（不是 …[杀马特][杀马特][杀马特]...
2025-10-20 13:43:13,644 - INFO -   sentiment_label: None
2025-10-20 13:43:13,644 - INFO -   sentiment_score: None
2025-10-20 13:43:13,645 - INFO - 
测试任务ID: 15, 清洗表名: douyin_comments_task_15_mysql
2025-10-20 13:43:13,646 - INFO - 清洗表列结构: id, task_id, post_id, content, user_name, user_id, user_signature, publish_time, like_count, comment_count, forward_count, ip_location, image_urls, user_homepage, reply_to_id, reply_to_user, created_at
2025-10-20 13:43:13,648 - INFO - 成功执行关联查询，获取了 5 条样本数据
2025-10-20 13:43:13,649 - INFO - 样本数据示例 (部分字段):
2025-10-20 13:43:13,649 - INFO -   post_id: 7562412457789784882
2025-10-20 13:43:13,649 - INFO -   content: 车银优你到底认识多少人...
2025-10-20 13:43:13,649 - INFO -   sentiment_label: None
2025-10-20 13:43:13,649 - INFO -   sentiment_score: None
2025-10-20 13:43:13,649 - INFO - 数据库连接已关闭
2025-10-20 13:43:13,674 - ERROR - 检查列一致性时发生错误: 'Tables_in_ml_douyin_comments_sentimentanalysis'
2025-10-20 13:43:17,330 - INFO - 
===== 模拟获取任务ID 7 的评论数据 =====
2025-10-20 13:43:17,330 - INFO - 构建的清洗后表名: douyin_comments_task_7_mysql
2025-10-20 13:43:17,331 - INFO - 清洗后表是否存在: True
2025-10-20 13:43:17,332 - INFO - 清洗后表的列名: id, task_id, post_id, content, user_name, user_id, user_signature, publish_time, like_count, comment_count, forward_count, ip_location, image_urls, user_homepage, reply_to_id, reply_to_user
2025-10-20 13:43:17,333 - INFO - 主键列名: id
2025-10-20 13:43:17,333 - INFO - 清洗后表的样本数据:
2025-10-20 13:43:17,334 - INFO -   样本1 (部分字段):
2025-10-20 13:43:17,334 - INFO -     post_id: 7536151003105149706
2025-10-20 13:43:17,334 - INFO -     content: Be water my friend....
2025-10-20 13:43:17,334 - INFO -   样本2 (部分字段):
2025-10-20 13:43:17,334 - INFO -     post_id: 7536144107413422899
2025-10-20 13:43:17,334 - INFO -     content: 一想到再过两天tim上岛，就想笑[憨笑][憨笑][憨笑]...
2025-10-20 13:43:17,345 - INFO - 从comments表获取到 2704 条情感分析结果
2025-10-20 13:43:17,345 - INFO - 
尝试不同的JOIN查询方式:
2025-10-20 13:43:17,354 - INFO - 方式1 (post_id JOIN) 返回 5 条记录
2025-10-20 13:43:17,364 - INFO - 方式2 (带task_id条件) 返回 5 条记录
2025-10-20 13:43:17,365 - INFO - 
===== 调试完成 =====
2025-10-20 13:46:02,697 - INFO - ===== 开始调试最近爬取评论无法显示的问题 =====
2025-10-20 13:46:02,697 - INFO - 数据库配置: 主机=localhost, 端口=3306, 数据库=ml_douyin_comments_sentimentanalysis
2025-10-20 13:46:02,705 - INFO - 
===== 查询数据库中的所有表 =====
2025-10-20 13:46:02,706 - INFO - 在数据库 'ml_douyin_comments_sentimentanalysis' 中找到 13 个表:
2025-10-20 13:46:02,706 - INFO -   - analysis_histories
2025-10-20 13:46:02,706 - INFO -   - comments
2025-10-20 13:46:02,707 - INFO -   - douyin_comments_task_10_mysql
2025-10-20 13:46:02,707 - INFO -   - douyin_comments_task_11_mysql
2025-10-20 13:46:02,707 - INFO -   - douyin_comments_task_15_mysql
2025-10-20 13:46:02,707 - INFO -   - douyin_comments_task_16_mysql
2025-10-20 13:46:02,707 - INFO -   - douyin_comments_task_17_mysql
2025-10-20 13:46:02,708 - INFO -   - douyin_comments_task_5_mysql
2025-10-20 13:46:02,708 - INFO -   - douyin_comments_task_6_mysql
2025-10-20 13:46:02,708 - INFO -   - douyin_comments_task_7_mysql
2025-10-20 13:46:02,708 - INFO -   - douyin_comments_task_8_mysql
2025-10-20 13:46:02,708 - INFO -   - scrape_tasks
2025-10-20 13:46:02,709 - INFO -   - users
2025-10-20 13:46:02,709 - INFO - 
===== 查找清洗后的评论表 =====
2025-10-20 13:46:02,709 - INFO - 找到 9 个清洗后的评论表:
2025-10-20 13:46:02,709 - INFO -   - douyin_comments_task_10_mysql
2025-10-20 13:46:02,709 - INFO -     对应的任务ID: 10
2025-10-20 13:46:02,711 - INFO -     记录数: 138
2025-10-20 13:46:02,711 - INFO -   - douyin_comments_task_11_mysql
2025-10-20 13:46:02,712 - INFO -     对应的任务ID: 11
2025-10-20 13:46:02,713 - INFO -     记录数: 148
2025-10-20 13:46:02,713 - INFO -   - douyin_comments_task_15_mysql
2025-10-20 13:46:02,713 - INFO -     对应的任务ID: 15
2025-10-20 13:46:02,715 - INFO -     记录数: 467
2025-10-20 13:46:02,715 - INFO -   - douyin_comments_task_16_mysql
2025-10-20 13:46:02,715 - INFO -     对应的任务ID: 16
2025-10-20 13:46:02,717 - INFO -     记录数: 198
2025-10-20 13:46:02,717 - INFO -   - douyin_comments_task_17_mysql
2025-10-20 13:46:02,717 - INFO -     对应的任务ID: 17
2025-10-20 13:46:02,718 - INFO -     记录数: 1496
2025-10-20 13:46:02,718 - INFO -   - douyin_comments_task_5_mysql
2025-10-20 13:46:02,718 - INFO -     对应的任务ID: 5
2025-10-20 13:46:02,719 - INFO -     记录数: 71
2025-10-20 13:46:02,719 - INFO -   - douyin_comments_task_6_mysql
2025-10-20 13:46:02,719 - INFO -     对应的任务ID: 6
2025-10-20 13:46:02,720 - INFO -     记录数: 81
2025-10-20 13:46:02,721 - INFO -   - douyin_comments_task_7_mysql
2025-10-20 13:46:02,721 - INFO -     对应的任务ID: 7
2025-10-20 13:46:02,723 - INFO -     记录数: 2388
2025-10-20 13:46:02,723 - INFO -   - douyin_comments_task_8_mysql
2025-10-20 13:46:02,723 - INFO -     对应的任务ID: 8
2025-10-20 13:46:02,724 - INFO -     记录数: 580
2025-10-20 13:46:02,725 - INFO - 
===== 分析comments表 =====
2025-10-20 13:46:02,726 - INFO - 表 comments 的列结构 (19列):
2025-10-20 13:46:02,727 - INFO -   - id: int
2025-10-20 13:46:02,727 - INFO -   - task_id: int
2025-10-20 13:46:02,727 - INFO -   - post_id: varchar(50)
2025-10-20 13:46:02,727 - INFO -   - content: text
2025-10-20 13:46:02,727 - INFO -   - user_name: varchar(100)
2025-10-20 13:46:02,727 - INFO -   - user_id: varchar(100)
2025-10-20 13:46:02,728 - INFO -   - user_signature: varchar(200)
2025-10-20 13:46:02,728 - INFO -   - publish_time: datetime
2025-10-20 13:46:02,728 - INFO -   - like_count: int
2025-10-20 13:46:02,728 - INFO -   - comment_count: int
2025-10-20 13:46:02,728 - INFO -   - forward_count: int
2025-10-20 13:46:02,728 - INFO -   - ip_location: varchar(50)
2025-10-20 13:46:02,728 - INFO -   - image_urls: text
2025-10-20 13:46:02,729 - INFO -   - user_homepage: varchar(200)
2025-10-20 13:46:02,729 - INFO -   - reply_to_id: varchar(50)
2025-10-20 13:46:02,729 - INFO -   - reply_to_user: varchar(100)
2025-10-20 13:46:02,729 - INFO -   - sentiment_label: varchar(20)
2025-10-20 13:46:02,729 - INFO -   - sentiment_score: float
2025-10-20 13:46:02,729 - INFO -   - analyzed_at: datetime
2025-10-20 13:46:02,731 - INFO - 表 comments 中的记录数: 6545
2025-10-20 13:46:02,731 - INFO - 表 comments 是否包含task_id列: True
2025-10-20 13:46:02,734 - INFO - comments表中的任务分布:
2025-10-20 13:46:02,734 - INFO -   任务ID 17: 1744 条评论
2025-10-20 13:46:02,734 - INFO -   任务ID 16: 201 条评论
2025-10-20 13:46:02,734 - INFO -   任务ID 15: 509 条评论
2025-10-20 13:46:02,734 - INFO -   任务ID 11: 152 条评论
2025-10-20 13:46:02,734 - INFO -   任务ID 10: 140 条评论
2025-10-20 13:46:02,734 - INFO -   任务ID 8: 935 条评论
2025-10-20 13:46:02,735 - INFO -   任务ID 7: 2704 条评论
2025-10-20 13:46:02,735 - INFO -   任务ID 6: 85 条评论
2025-10-20 13:46:02,735 - INFO -   任务ID 5: 75 条评论
2025-10-20 13:46:02,735 - INFO - 
===== 检查最近的爬取任务 =====
2025-10-20 13:46:02,736 - ERROR - 查询爬取任务时发生错误: (1054, "Unknown column 'keyword' in 'field list'")
2025-10-20 13:46:02,736 - INFO - 
===== 检查分析历史 =====
2025-10-20 13:46:02,736 - ERROR - 查询分析历史时发生错误: (1054, "Unknown column 'analysis_type' in 'field list'")
2025-10-20 13:46:02,736 - INFO - 
===== 模拟get_comments_from_cleaned_table函数逻辑测试 =====
2025-10-20 13:46:02,737 - INFO - 
测试任务ID: 17, 清洗表名: douyin_comments_task_17_mysql
2025-10-20 13:46:02,738 - INFO - 清洗表列结构: id, task_id, post_id, content, user_name, user_id, user_signature, publish_time, like_count, comment_count, forward_count, ip_location, image_urls, user_homepage, reply_to_id, reply_to_user, created_at
2025-10-20 13:46:02,744 - INFO - 成功执行关联查询，获取了 5 条样本数据
2025-10-20 13:46:02,745 - INFO - 样本数据示例 (部分字段):
2025-10-20 13:46:02,745 - INFO -   post_id: 7557260912043868987
2025-10-20 13:46:02,745 - INFO -   content: 我第一眼还以为寄过来了个壳[钱]...
2025-10-20 13:46:02,745 - INFO -   sentiment_label: None
2025-10-20 13:46:02,745 - INFO -   sentiment_score: None
2025-10-20 13:46:02,745 - INFO - 
测试任务ID: 16, 清洗表名: douyin_comments_task_16_mysql
2025-10-20 13:46:02,747 - INFO - 清洗表列结构: id, task_id, post_id, content, user_name, user_id, user_signature, publish_time, like_count, comment_count, forward_count, ip_location, image_urls, user_homepage, reply_to_id, reply_to_user, created_at
2025-10-20 13:46:02,749 - INFO - 成功执行关联查询，获取了 5 条样本数据
2025-10-20 13:46:02,749 - INFO - 样本数据示例 (部分字段):
2025-10-20 13:46:02,750 - INFO -   post_id: 7559816635030651698
2025-10-20 13:46:02,750 - INFO -   content: 水母可能就是喜欢脸长的吧（不是 …[杀马特][杀马特][杀马特]...
2025-10-20 13:46:02,750 - INFO -   sentiment_label: None
2025-10-20 13:46:02,750 - INFO -   sentiment_score: None
2025-10-20 13:46:02,751 - INFO - 
测试任务ID: 15, 清洗表名: douyin_comments_task_15_mysql
2025-10-20 13:46:02,753 - INFO - 清洗表列结构: id, task_id, post_id, content, user_name, user_id, user_signature, publish_time, like_count, comment_count, forward_count, ip_location, image_urls, user_homepage, reply_to_id, reply_to_user, created_at
2025-10-20 13:46:02,756 - INFO - 成功执行关联查询，获取了 5 条样本数据
2025-10-20 13:46:02,756 - INFO - 样本数据示例 (部分字段):
2025-10-20 13:46:02,756 - INFO -   post_id: 7562412457789784882
2025-10-20 13:46:02,756 - INFO -   content: 车银优你到底认识多少人...
2025-10-20 13:46:02,756 - INFO -   sentiment_label: None
2025-10-20 13:46:02,757 - INFO -   sentiment_score: None
2025-10-20 13:46:02,757 - INFO - 数据库连接已关闭
2025-10-20 13:46:02,784 - ERROR - 检查列一致性时发生错误: 'Tables_in_ml_douyin_comments_sentimentanalysis'
2025-10-20 13:46:02,784 - INFO - 跳过特定任务ID测试
2025-10-20 13:46:02,785 - INFO - 
===== 调试完成 =====
2025-10-20 13:47:07,006 - INFO - ===== 开始调试最近爬取评论无法显示的问题 =====
2025-10-20 13:47:07,006 - INFO - 数据库配置: 主机=localhost, 端口=3306, 数据库=ml_douyin_comments_sentimentanalysis
2025-10-20 13:47:07,016 - INFO - 
===== 查询数据库中的所有表 =====
2025-10-20 13:47:07,017 - INFO - 在数据库 'ml_douyin_comments_sentimentanalysis' 中找到 13 个表:
2025-10-20 13:47:07,017 - INFO -   - analysis_histories
2025-10-20 13:47:07,018 - INFO -   - comments
2025-10-20 13:47:07,018 - INFO -   - douyin_comments_task_10_mysql
2025-10-20 13:47:07,018 - INFO -   - douyin_comments_task_11_mysql
2025-10-20 13:47:07,018 - INFO -   - douyin_comments_task_15_mysql
2025-10-20 13:47:07,018 - INFO -   - douyin_comments_task_16_mysql
2025-10-20 13:47:07,018 - INFO -   - douyin_comments_task_17_mysql
2025-10-20 13:47:07,018 - INFO -   - douyin_comments_task_5_mysql
2025-10-20 13:47:07,018 - INFO -   - douyin_comments_task_6_mysql
2025-10-20 13:47:07,018 - INFO -   - douyin_comments_task_7_mysql
2025-10-20 13:47:07,019 - INFO -   - douyin_comments_task_8_mysql
2025-10-20 13:47:07,019 - INFO -   - scrape_tasks
2025-10-20 13:47:07,019 - INFO -   - users
2025-10-20 13:47:07,019 - INFO - 
===== 查找清洗后的评论表 =====
2025-10-20 13:47:07,019 - INFO - 找到 9 个清洗后的评论表:
2025-10-20 13:47:07,019 - INFO -   - douyin_comments_task_10_mysql
2025-10-20 13:47:07,019 - INFO -     对应的任务ID: 10
2025-10-20 13:47:07,020 - INFO -     记录数: 138
2025-10-20 13:47:07,020 - INFO -   - douyin_comments_task_11_mysql
2025-10-20 13:47:07,020 - INFO -     对应的任务ID: 11
2025-10-20 13:47:07,021 - INFO -     记录数: 148
2025-10-20 13:47:07,021 - INFO -   - douyin_comments_task_15_mysql
2025-10-20 13:47:07,021 - INFO -     对应的任务ID: 15
2025-10-20 13:47:07,022 - INFO -     记录数: 467
2025-10-20 13:47:07,022 - INFO -   - douyin_comments_task_16_mysql
2025-10-20 13:47:07,023 - INFO -     对应的任务ID: 16
2025-10-20 13:47:07,024 - INFO -     记录数: 198
2025-10-20 13:47:07,024 - INFO -   - douyin_comments_task_17_mysql
2025-10-20 13:47:07,024 - INFO -     对应的任务ID: 17
2025-10-20 13:47:07,025 - INFO -     记录数: 1496
2025-10-20 13:47:07,025 - INFO -   - douyin_comments_task_5_mysql
2025-10-20 13:47:07,025 - INFO -     对应的任务ID: 5
2025-10-20 13:47:07,026 - INFO -     记录数: 71
2025-10-20 13:47:07,026 - INFO -   - douyin_comments_task_6_mysql
2025-10-20 13:47:07,026 - INFO -     对应的任务ID: 6
2025-10-20 13:47:07,028 - INFO -     记录数: 81
2025-10-20 13:47:07,029 - INFO -   - douyin_comments_task_7_mysql
2025-10-20 13:47:07,029 - INFO -     对应的任务ID: 7
2025-10-20 13:47:07,030 - INFO -     记录数: 2388
2025-10-20 13:47:07,030 - INFO -   - douyin_comments_task_8_mysql
2025-10-20 13:47:07,030 - INFO -     对应的任务ID: 8
2025-10-20 13:47:07,032 - INFO -     记录数: 580
2025-10-20 13:47:07,032 - INFO - 
===== 分析comments表 =====
2025-10-20 13:47:07,033 - INFO - 表 comments 的列结构 (19列):
2025-10-20 13:47:07,033 - INFO -   - id: int
2025-10-20 13:47:07,033 - INFO -   - task_id: int
2025-10-20 13:47:07,033 - INFO -   - post_id: varchar(50)
2025-10-20 13:47:07,033 - INFO -   - content: text
2025-10-20 13:47:07,033 - INFO -   - user_name: varchar(100)
2025-10-20 13:47:07,033 - INFO -   - user_id: varchar(100)
2025-10-20 13:47:07,033 - INFO -   - user_signature: varchar(200)
2025-10-20 13:47:07,033 - INFO -   - publish_time: datetime
2025-10-20 13:47:07,033 - INFO -   - like_count: int
2025-10-20 13:47:07,033 - INFO -   - comment_count: int
2025-10-20 13:47:07,034 - INFO -   - forward_count: int
2025-10-20 13:47:07,034 - INFO -   - ip_location: varchar(50)
2025-10-20 13:47:07,034 - INFO -   - image_urls: text
2025-10-20 13:47:07,034 - INFO -   - user_homepage: varchar(200)
2025-10-20 13:47:07,034 - INFO -   - reply_to_id: varchar(50)
2025-10-20 13:47:07,034 - INFO -   - reply_to_user: varchar(100)
2025-10-20 13:47:07,034 - INFO -   - sentiment_label: varchar(20)
2025-10-20 13:47:07,034 - INFO -   - sentiment_score: float
2025-10-20 13:47:07,034 - INFO -   - analyzed_at: datetime
2025-10-20 13:47:07,035 - INFO - 表 comments 中的记录数: 6545
2025-10-20 13:47:07,040 - INFO - 表 comments 是否包含task_id列: True
2025-10-20 13:47:07,043 - INFO - comments表中的任务分布:
2025-10-20 13:47:07,043 - INFO -   任务ID 17: 1744 条评论
2025-10-20 13:47:07,043 - INFO -   任务ID 16: 201 条评论
2025-10-20 13:47:07,043 - INFO -   任务ID 15: 509 条评论
2025-10-20 13:47:07,044 - INFO -   任务ID 11: 152 条评论
2025-10-20 13:47:07,044 - INFO -   任务ID 10: 140 条评论
2025-10-20 13:47:07,044 - INFO -   任务ID 8: 935 条评论
2025-10-20 13:47:07,044 - INFO -   任务ID 7: 2704 条评论
2025-10-20 13:47:07,045 - INFO -   任务ID 6: 85 条评论
2025-10-20 13:47:07,045 - INFO -   任务ID 5: 75 条评论
2025-10-20 13:47:07,045 - INFO - 
===== 检查最近的爬取任务 =====
2025-10-20 13:47:07,046 - ERROR - 查询爬取任务时发生错误: (1054, "Unknown column 'keyword' in 'field list'")
2025-10-20 13:47:07,046 - INFO - 
===== 检查分析历史 =====
2025-10-20 13:47:07,046 - ERROR - 查询分析历史时发生错误: (1054, "Unknown column 'analysis_type' in 'field list'")
2025-10-20 13:47:07,047 - INFO - 
===== 模拟get_comments_from_cleaned_table函数逻辑测试 =====
2025-10-20 13:47:07,047 - INFO - 
测试任务ID: 17, 清洗表名: douyin_comments_task_17_mysql
2025-10-20 13:47:07,050 - INFO - 清洗表列结构: id, task_id, post_id, content, user_name, user_id, user_signature, publish_time, like_count, comment_count, forward_count, ip_location, image_urls, user_homepage, reply_to_id, reply_to_user, created_at
2025-10-20 13:47:07,057 - INFO - 成功执行关联查询，获取了 5 条样本数据
2025-10-20 13:47:07,057 - INFO - 样本数据示例 (部分字段):
2025-10-20 13:47:07,058 - INFO -   post_id: 7557260912043868987
2025-10-20 13:47:07,058 - INFO -   content: 我第一眼还以为寄过来了个壳[钱]...
2025-10-20 13:47:07,058 - INFO -   sentiment_label: None
2025-10-20 13:47:07,058 - INFO -   sentiment_score: None
2025-10-20 13:47:07,059 - INFO - 
测试任务ID: 16, 清洗表名: douyin_comments_task_16_mysql
2025-10-20 13:47:07,061 - INFO - 清洗表列结构: id, task_id, post_id, content, user_name, user_id, user_signature, publish_time, like_count, comment_count, forward_count, ip_location, image_urls, user_homepage, reply_to_id, reply_to_user, created_at
2025-10-20 13:47:07,063 - INFO - 成功执行关联查询，获取了 5 条样本数据
2025-10-20 13:47:07,063 - INFO - 样本数据示例 (部分字段):
2025-10-20 13:47:07,063 - INFO -   post_id: 7559816635030651698
2025-10-20 13:47:07,063 - INFO -   content: 水母可能就是喜欢脸长的吧（不是 …[杀马特][杀马特][杀马特]...
2025-10-20 13:47:07,063 - INFO -   sentiment_label: None
2025-10-20 13:47:07,064 - INFO -   sentiment_score: None
2025-10-20 13:47:07,064 - INFO - 
测试任务ID: 15, 清洗表名: douyin_comments_task_15_mysql
2025-10-20 13:47:07,066 - INFO - 清洗表列结构: id, task_id, post_id, content, user_name, user_id, user_signature, publish_time, like_count, comment_count, forward_count, ip_location, image_urls, user_homepage, reply_to_id, reply_to_user, created_at
2025-10-20 13:47:07,068 - INFO - 成功执行关联查询，获取了 5 条样本数据
2025-10-20 13:47:07,068 - INFO - 样本数据示例 (部分字段):
2025-10-20 13:47:07,069 - INFO -   post_id: 7562412457789784882
2025-10-20 13:47:07,069 - INFO -   content: 车银优你到底认识多少人...
2025-10-20 13:47:07,069 - INFO -   sentiment_label: None
2025-10-20 13:47:07,069 - INFO -   sentiment_score: None
2025-10-20 13:47:07,070 - INFO - 数据库连接已关闭
2025-10-20 13:47:07,072 - INFO - 处理表: douyin_comments_task_10_mysql
2025-10-20 13:47:07,074 - INFO - 处理表: douyin_comments_task_11_mysql
2025-10-20 13:47:07,075 - INFO - 处理表: douyin_comments_task_15_mysql
2025-10-20 13:47:07,076 - INFO - 处理表: douyin_comments_task_16_mysql
2025-10-20 13:47:07,077 - INFO - 处理表: douyin_comments_task_17_mysql
2025-10-20 13:47:07,078 - INFO - 处理表: douyin_comments_task_5_mysql
2025-10-20 13:47:07,079 - INFO - 处理表: douyin_comments_task_6_mysql
2025-10-20 13:47:07,080 - INFO - 处理表: douyin_comments_task_7_mysql
2025-10-20 13:47:07,081 - INFO - 处理表: douyin_comments_task_8_mysql
2025-10-20 13:47:07,082 - INFO - 
===== 表列结构比较 =====
2025-10-20 13:47:07,082 - INFO - 
比较 douyin_comments_task_10_mysql vs douyin_comments_task_11_mysql:
2025-10-20 13:47:07,082 - INFO -   只在旧表中存在的列: ['created_at']
2025-10-20 13:47:07,083 - INFO - 
比较 douyin_comments_task_10_mysql vs douyin_comments_task_15_mysql:
2025-10-20 13:47:07,083 - INFO -   只在旧表中存在的列: ['created_at']
2025-10-20 13:47:07,083 - INFO - 
比较 douyin_comments_task_10_mysql vs douyin_comments_task_16_mysql:
2025-10-20 13:47:07,083 - INFO -   只在旧表中存在的列: ['created_at']
2025-10-20 13:47:07,083 - INFO - 
比较 douyin_comments_task_10_mysql vs douyin_comments_task_17_mysql:
2025-10-20 13:47:07,083 - INFO -   只在旧表中存在的列: ['created_at']
2025-10-20 13:47:07,083 - INFO - 
比较 douyin_comments_task_10_mysql vs douyin_comments_task_5_mysql:
2025-10-20 13:47:07,083 - INFO -   两表列结构完全相同
2025-10-20 13:47:07,083 - INFO - 
比较 douyin_comments_task_10_mysql vs douyin_comments_task_6_mysql:
2025-10-20 13:47:07,083 - INFO -   两表列结构完全相同
2025-10-20 13:47:07,083 - INFO - 
比较 douyin_comments_task_10_mysql vs douyin_comments_task_7_mysql:
2025-10-20 13:47:07,084 - INFO -   两表列结构完全相同
2025-10-20 13:47:07,084 - INFO - 
比较 douyin_comments_task_10_mysql vs douyin_comments_task_8_mysql:
2025-10-20 13:47:07,084 - INFO -   两表列结构完全相同
2025-10-20 13:47:07,084 - INFO - 使用默认任务ID: 17
2025-10-20 13:47:07,103 - INFO - 
===== 模拟获取任务ID 17 的评论数据 =====
2025-10-20 13:47:07,103 - INFO - 构建的清洗后表名: douyin_comments_task_17_mysql
2025-10-20 13:47:07,104 - INFO - 清洗后表是否存在: True
2025-10-20 13:47:07,105 - INFO - 清洗后表的列名: id, task_id, post_id, content, user_name, user_id, user_signature, publish_time, like_count, comment_count, forward_count, ip_location, image_urls, user_homepage, reply_to_id, reply_to_user, created_at
2025-10-20 13:47:07,106 - INFO - 主键列名: id
2025-10-20 13:47:07,106 - INFO - 
===== 记录数统计 =====
2025-10-20 13:47:07,108 - INFO - 清洗表 douyin_comments_task_17_mysql 记录数: 1496
2025-10-20 13:47:07,109 - INFO - comments表中任务ID 17 的记录数: 1744
2025-10-20 13:47:07,109 - INFO - 
===== 情感分析字段填充情况 =====
2025-10-20 13:47:07,112 - INFO - comments表中任务ID 17 情感标签统计:
2025-10-20 13:47:07,112 - INFO -   总记录数: 1744
2025-10-20 13:47:07,112 - INFO -   有sentiment_label的记录: 0 (0.0%)
2025-10-20 13:47:07,112 - INFO -   有sentiment_score的记录: 0 (0.0%)
2025-10-20 13:47:07,112 - INFO - 
===== post_id匹配验证 =====
2025-10-20 13:47:07,114 - INFO - 清洗表中的post_id样本: ['7557260912043868987', '7557561180076901172', '7557781423081620284', '7558036166520963878', '7557258308954407680']
2025-10-20 13:47:07,114 - INFO - comments表中的post_id样本: ['7557260912043868987', '7557561180076901172', '7557781423081620284', '7558036166520963878', '7557258308954407680']
2025-10-20 13:47:07,114 - INFO - 
===== JOIN查询详细测试 =====
2025-10-20 13:47:09,642 - INFO - 清洗表与comments表post_id匹配统计:
2025-10-20 13:47:09,642 - INFO -   清洗表总记录: 1730
2025-10-20 13:47:09,642 - INFO -   匹配成功记录: 1725 (99.7%)
2025-10-20 13:47:09,653 - INFO - 
JOIN查询样本结果 (10条):
2025-10-20 13:47:09,653 - INFO -   记录1:
2025-10-20 13:47:09,653 - INFO -     post_id: 7557260912043868987
2025-10-20 13:47:09,654 - INFO -     content: 我第一眼还以为寄过来了个壳[钱]...
2025-10-20 13:47:09,654 - INFO -     sentiment_label: None
2025-10-20 13:47:09,654 - INFO -     sentiment_score: None
2025-10-20 13:47:09,654 - INFO -   记录2:
2025-10-20 13:47:09,654 - INFO -     post_id: 7557561180076901172
2025-10-20 13:47:09,654 - INFO -     content: 突然反应过来，视频没有一边录一边说话是不是主播全都是电报哈哈...
2025-10-20 13:47:09,654 - INFO -     sentiment_label: None
2025-10-20 13:47:09,654 - INFO -     sentiment_score: None
2025-10-20 13:47:09,654 - INFO -   记录3:
2025-10-20 13:47:09,654 - INFO -     post_id: 7557781423081620284
2025-10-20 13:47:09,654 - INFO -     content: 求指路草莓夹心那一集，久仰大名了[强壮][憨笑][强壮]...
2025-10-20 13:47:09,655 - INFO -     sentiment_label: None
2025-10-20 13:47:09,655 - INFO -     sentiment_score: None
2025-10-20 13:47:09,655 - INFO -   记录4:
2025-10-20 13:47:09,655 - INFO -     post_id: 7558036166520963878
2025-10-20 13:47:09,655 - INFO -     content: 经典草莓夹心[看]...
2025-10-20 13:47:09,655 - INFO -     sentiment_label: None
2025-10-20 13:47:09,655 - INFO -     sentiment_score: None
2025-10-20 13:47:09,655 - INFO -   记录5:
2025-10-20 13:47:09,655 - INFO -     post_id: 7557258308954407680
2025-10-20 13:47:09,655 - INFO -     content: 是我的错觉吗我总感觉这期是最简单的[黑脸]...
2025-10-20 13:47:09,655 - INFO -     sentiment_label: None
2025-10-20 13:47:09,656 - INFO -     sentiment_score: None
2025-10-20 13:47:09,656 - INFO -   记录6:
2025-10-20 13:47:09,656 - INFO -     post_id: 7557278671762850603
2025-10-20 13:47:09,656 - INFO -     content: 那一刻…他好似放下了一切...
2025-10-20 13:47:09,656 - INFO -     sentiment_label: None
2025-10-20 13:47:09,656 - INFO -     sentiment_score: None
2025-10-20 13:47:09,656 - INFO -   记录7:
2025-10-20 13:47:09,656 - INFO -     post_id: 7557976863576458044
2025-10-20 13:47:09,656 - INFO -     content: 都洗了还要修复吗[憨笑][憨笑]不怕里面混了洗衣粉水啥的...
2025-10-20 13:47:09,656 - INFO -     sentiment_label: None
2025-10-20 13:47:09,656 - INFO -     sentiment_score: None
2025-10-20 13:47:09,656 - INFO -   记录8:
2025-10-20 13:47:09,657 - INFO -     post_id: 7557383983982576443
2025-10-20 13:47:09,657 - INFO -     content: 主播情绪好平静，想谈[钱]...
2025-10-20 13:47:09,657 - INFO -     sentiment_label: None
2025-10-20 13:47:09,657 - INFO -     sentiment_score: None
2025-10-20 13:47:09,657 - INFO -   记录9:
2025-10-20 13:47:09,657 - INFO -     post_id: 7557404377234359080
2025-10-20 13:47:09,657 - INFO -     content: 修一下比买个新的贵吧[抱抱你]...
2025-10-20 13:47:09,657 - INFO -     sentiment_label: None
2025-10-20 13:47:09,657 - INFO -     sentiment_score: None
2025-10-20 13:47:09,657 - INFO -   记录10:
2025-10-20 13:47:09,657 - INFO -     post_id: 7557418371551331130
2025-10-20 13:47:09,657 - INFO -     content: 天呐这个BGM一响起我必须要来评论了！终于有人懂我了！！博主...
2025-10-20 13:47:09,657 - INFO -     sentiment_label: None
2025-10-20 13:47:09,658 - INFO -     sentiment_score: None
2025-10-20 13:47:09,658 - INFO - 
===== 最近爬取评论检查 =====
2025-10-20 13:47:09,658 - WARNING - 清洗表中没有找到时间相关列，无法检查最新评论
2025-10-20 13:47:09,658 - INFO - 
===== 问题诊断 =====
2025-10-20 13:47:09,661 - INFO - post_id匹配但情感字段为NULL的记录数: 1725
2025-10-20 13:47:09,661 - WARNING - 发现部分评论虽然在comments表中有记录，但缺少情感分析结果，这可能是导致评论无法显示的原因
2025-10-20 13:47:11,187 - INFO - 
单边存在的评论统计:
2025-10-20 13:47:11,188 - INFO -   只存在于only_in_cleaned的记录数: 5
2025-10-20 13:47:11,188 - INFO -   只存在于only_in_comments的记录数: 19
2025-10-20 13:47:11,188 - INFO - 
===== 调试完成 =====
